2025-05-30 12:35:27,785 [DEBUG] freemarker.cache  - Couldn't find template in cache for "spark/spark.spa.ftl"("en_IN", UTF-8, parsed); will try to load it.
2025-05-30 12:35:27,788 [DEBUG] freemarker.cache  - TemplateLoader.findTemplateSource("spark/spark.spa_en_IN.ftl"): Not found
2025-05-30 12:35:27,790 [DEBUG] freemarker.cache  - TemplateLoader.findTemplateSource("spark/spark.spa_en.ftl"): Not found
2025-05-30 12:35:27,791 [DEBUG] freemarker.cache  - TemplateLoader.findTemplateSource("spark/spark.spa.ftl"): Found
2025-05-30 12:35:27,791 [DEBUG] freemarker.cache  - Loading template for "spark/spark.spa.ftl"("en_IN", UTF-8, parsed) from "jar:file:/C:/Users/chk017/.m2/repository/com/aventstack/extentreports/5.1.2/extentreports-5.1.2.jar!/com/aventstack/extentreports/templates/spark/spark.spa.ftl"
2025-05-30 12:35:27,879 [DEBUG] freemarker.cache  - Couldn't find template in cache for "commons/commons-variables.ftl"("en_IN", UTF-8, parsed); will try to load it.
2025-05-30 12:35:27,879 [DEBUG] freemarker.cache  - TemplateLoader.findTemplateSource("commons/commons-variables_en_IN.ftl"): Not found
2025-05-30 12:35:27,880 [DEBUG] freemarker.cache  - TemplateLoader.findTemplateSource("commons/commons-variables_en.ftl"): Not found
2025-05-30 12:35:27,880 [DEBUG] freemarker.cache  - TemplateLoader.findTemplateSource("commons/commons-variables.ftl"): Found
2025-05-30 12:35:27,880 [DEBUG] freemarker.cache  - Loading template for "commons/commons-variables.ftl"("en_IN", UTF-8, parsed) from "jar:file:/C:/Users/chk017/.m2/repository/com/aventstack/extentreports/5.1.2/extentreports-5.1.2.jar!/com/aventstack/extentreports/templates/commons/commons-variables.ftl"
2025-05-30 12:35:28,078 [DEBUG] freemarker.cache  - Couldn't find template in cache for "commons/commons-macros.ftl"("en_IN", UTF-8, parsed); will try to load it.
2025-05-30 12:35:28,079 [DEBUG] freemarker.cache  - TemplateLoader.findTemplateSource("commons/commons-macros_en_IN.ftl"): Not found
2025-05-30 12:35:28,080 [DEBUG] freemarker.cache  - TemplateLoader.findTemplateSource("commons/commons-macros_en.ftl"): Not found
2025-05-30 12:35:28,081 [DEBUG] freemarker.cache  - TemplateLoader.findTemplateSource("commons/commons-macros.ftl"): Found
2025-05-30 12:35:28,081 [DEBUG] freemarker.cache  - Loading template for "commons/commons-macros.ftl"("en_IN", UTF-8, parsed) from "jar:file:/C:/Users/chk017/.m2/repository/com/aventstack/extentreports/5.1.2/extentreports-5.1.2.jar!/com/aventstack/extentreports/templates/commons/commons-macros.ftl"
2025-05-30 12:35:28,095 [DEBUG] freemarker.cache  - Couldn't find template in cache for "spark/macros/attributes.ftl"("en_IN", UTF-8, parsed); will try to load it.
2025-05-30 12:35:28,096 [DEBUG] freemarker.cache  - TemplateLoader.findTemplateSource("spark/macros/attributes_en_IN.ftl"): Not found
2025-05-30 12:35:28,096 [DEBUG] freemarker.cache  - TemplateLoader.findTemplateSource("spark/macros/attributes_en.ftl"): Not found
2025-05-30 12:35:28,097 [DEBUG] freemarker.cache  - TemplateLoader.findTemplateSource("spark/macros/attributes.ftl"): Found
2025-05-30 12:35:28,097 [DEBUG] freemarker.cache  - Loading template for "spark/macros/attributes.ftl"("en_IN", UTF-8, parsed) from "jar:file:/C:/Users/chk017/.m2/repository/com/aventstack/extentreports/5.1.2/extentreports-5.1.2.jar!/com/aventstack/extentreports/templates/spark/macros/attributes.ftl"
2025-05-30 12:35:28,101 [DEBUG] freemarker.cache  - Couldn't find template in cache for "spark/macros/log.ftl"("en_IN", UTF-8, parsed); will try to load it.
2025-05-30 12:35:28,101 [DEBUG] freemarker.cache  - TemplateLoader.findTemplateSource("spark/macros/log_en_IN.ftl"): Not found
2025-05-30 12:35:28,101 [DEBUG] freemarker.cache  - TemplateLoader.findTemplateSource("spark/macros/log_en.ftl"): Not found
2025-05-30 12:35:28,102 [DEBUG] freemarker.cache  - TemplateLoader.findTemplateSource("spark/macros/log.ftl"): Found
2025-05-30 12:35:28,102 [DEBUG] freemarker.cache  - Loading template for "spark/macros/log.ftl"("en_IN", UTF-8, parsed) from "jar:file:/C:/Users/chk017/.m2/repository/com/aventstack/extentreports/5.1.2/extentreports-5.1.2.jar!/com/aventstack/extentreports/templates/spark/macros/log.ftl"
2025-05-30 12:35:28,105 [DEBUG] freemarker.cache  - Couldn't find template in cache for "spark/macros/recurse_nodes.ftl"("en_IN", UTF-8, parsed); will try to load it.
2025-05-30 12:35:28,106 [DEBUG] freemarker.cache  - TemplateLoader.findTemplateSource("spark/macros/recurse_nodes_en_IN.ftl"): Not found
2025-05-30 12:35:28,106 [DEBUG] freemarker.cache  - TemplateLoader.findTemplateSource("spark/macros/recurse_nodes_en.ftl"): Not found
2025-05-30 12:35:28,107 [DEBUG] freemarker.cache  - TemplateLoader.findTemplateSource("spark/macros/recurse_nodes.ftl"): Found
2025-05-30 12:35:28,107 [DEBUG] freemarker.cache  - Loading template for "spark/macros/recurse_nodes.ftl"("en_IN", UTF-8, parsed) from "jar:file:/C:/Users/chk017/.m2/repository/com/aventstack/extentreports/5.1.2/extentreports-5.1.2.jar!/com/aventstack/extentreports/templates/spark/macros/recurse_nodes.ftl"
2025-05-30 12:35:28,116 [DEBUG] freemarker.cache  - "spark/macros/log.ftl"("en_IN", UTF-8, parsed) cached copy not yet stale; using cached.
2025-05-30 12:35:28,116 [DEBUG] freemarker.cache  - Couldn't find template in cache for "spark/macros/attr-common.ftl"("en_IN", UTF-8, parsed); will try to load it.
2025-05-30 12:35:28,116 [DEBUG] freemarker.cache  - TemplateLoader.findTemplateSource("spark/macros/attr-common_en_IN.ftl"): Not found
2025-05-30 12:35:28,116 [DEBUG] freemarker.cache  - TemplateLoader.findTemplateSource("spark/macros/attr-common_en.ftl"): Not found
2025-05-30 12:35:28,117 [DEBUG] freemarker.cache  - TemplateLoader.findTemplateSource("spark/macros/attr-common.ftl"): Found
2025-05-30 12:35:28,117 [DEBUG] freemarker.cache  - Loading template for "spark/macros/attr-common.ftl"("en_IN", UTF-8, parsed) from "jar:file:/C:/Users/chk017/.m2/repository/com/aventstack/extentreports/5.1.2/extentreports-5.1.2.jar!/com/aventstack/extentreports/templates/spark/macros/attr-common.ftl"
2025-05-30 12:35:28,128 [DEBUG] freemarker.cache  - Couldn't find template in cache for "spark/partials/head.ftl"("en_IN", UTF-8, parsed); will try to load it.
2025-05-30 12:35:28,129 [DEBUG] freemarker.cache  - TemplateLoader.findTemplateSource("spark/partials/head_en_IN.ftl"): Not found
2025-05-30 12:35:28,129 [DEBUG] freemarker.cache  - TemplateLoader.findTemplateSource("spark/partials/head_en.ftl"): Not found
2025-05-30 12:35:28,130 [DEBUG] freemarker.cache  - TemplateLoader.findTemplateSource("spark/partials/head.ftl"): Found
2025-05-30 12:35:28,130 [DEBUG] freemarker.cache  - Loading template for "spark/partials/head.ftl"("en_IN", UTF-8, parsed) from "jar:file:/C:/Users/chk017/.m2/repository/com/aventstack/extentreports/5.1.2/extentreports-5.1.2.jar!/com/aventstack/extentreports/templates/spark/partials/head.ftl"
2025-05-30 12:35:28,138 [DEBUG] freemarker.cache  - Couldn't find template in cache for "commons/commons-inject-css.ftl"("en_IN", UTF-8, parsed); will try to load it.
2025-05-30 12:35:28,139 [DEBUG] freemarker.cache  - TemplateLoader.findTemplateSource("commons/commons-inject-css_en_IN.ftl"): Not found
2025-05-30 12:35:28,139 [DEBUG] freemarker.cache  - TemplateLoader.findTemplateSource("commons/commons-inject-css_en.ftl"): Not found
2025-05-30 12:35:28,140 [DEBUG] freemarker.cache  - TemplateLoader.findTemplateSource("commons/commons-inject-css.ftl"): Found
2025-05-30 12:35:28,140 [DEBUG] freemarker.cache  - Loading template for "commons/commons-inject-css.ftl"("en_IN", UTF-8, parsed) from "jar:file:/C:/Users/chk017/.m2/repository/com/aventstack/extentreports/5.1.2/extentreports-5.1.2.jar!/com/aventstack/extentreports/templates/commons/commons-inject-css.ftl"
2025-05-30 12:35:28,142 [DEBUG] freemarker.cache  - Couldn't find template in cache for "spark/partials/navbar.ftl"("en_IN", UTF-8, parsed); will try to load it.
2025-05-30 12:35:28,143 [DEBUG] freemarker.cache  - TemplateLoader.findTemplateSource("spark/partials/navbar_en_IN.ftl"): Not found
2025-05-30 12:35:28,143 [DEBUG] freemarker.cache  - TemplateLoader.findTemplateSource("spark/partials/navbar_en.ftl"): Not found
2025-05-30 12:35:28,144 [DEBUG] freemarker.cache  - TemplateLoader.findTemplateSource("spark/partials/navbar.ftl"): Found
2025-05-30 12:35:28,144 [DEBUG] freemarker.cache  - Loading template for "spark/partials/navbar.ftl"("en_IN", UTF-8, parsed) from "jar:file:/C:/Users/chk017/.m2/repository/com/aventstack/extentreports/5.1.2/extentreports-5.1.2.jar!/com/aventstack/extentreports/templates/spark/partials/navbar.ftl"
2025-05-30 12:35:28,157 [DEBUG] freemarker.cache  - Couldn't find template in cache for "spark/partials/sidenav.ftl"("en_IN", UTF-8, parsed); will try to load it.
2025-05-30 12:35:28,158 [DEBUG] freemarker.cache  - TemplateLoader.findTemplateSource("spark/partials/sidenav_en_IN.ftl"): Not found
2025-05-30 12:35:28,158 [DEBUG] freemarker.cache  - TemplateLoader.findTemplateSource("spark/partials/sidenav_en.ftl"): Not found
2025-05-30 12:35:28,158 [DEBUG] freemarker.cache  - TemplateLoader.findTemplateSource("spark/partials/sidenav.ftl"): Found
2025-05-30 12:35:28,158 [DEBUG] freemarker.cache  - Loading template for "spark/partials/sidenav.ftl"("en_IN", UTF-8, parsed) from "jar:file:/C:/Users/chk017/.m2/repository/com/aventstack/extentreports/5.1.2/extentreports-5.1.2.jar!/com/aventstack/extentreports/templates/spark/partials/sidenav.ftl"
2025-05-30 12:35:28,184 [DEBUG] freemarker.cache  - Couldn't find template in cache for "spark/partials/test.ftl"("en_IN", UTF-8, parsed); will try to load it.
2025-05-30 12:35:28,185 [DEBUG] freemarker.cache  - TemplateLoader.findTemplateSource("spark/partials/test_en_IN.ftl"): Not found
2025-05-30 12:35:28,185 [DEBUG] freemarker.cache  - TemplateLoader.findTemplateSource("spark/partials/test_en.ftl"): Not found
2025-05-30 12:35:28,185 [DEBUG] freemarker.cache  - TemplateLoader.findTemplateSource("spark/partials/test.ftl"): Found
2025-05-30 12:35:28,185 [DEBUG] freemarker.cache  - Loading template for "spark/partials/test.ftl"("en_IN", UTF-8, parsed) from "jar:file:/C:/Users/chk017/.m2/repository/com/aventstack/extentreports/5.1.2/extentreports-5.1.2.jar!/com/aventstack/extentreports/templates/spark/partials/test.ftl"
2025-05-30 12:35:28,238 [DEBUG] freemarker.cache  - Couldn't find template in cache for "spark/partials/standard-content.ftl"("en_IN", UTF-8, parsed); will try to load it.
2025-05-30 12:35:28,239 [DEBUG] freemarker.cache  - TemplateLoader.findTemplateSource("spark/partials/standard-content_en_IN.ftl"): Not found
2025-05-30 12:35:28,239 [DEBUG] freemarker.cache  - TemplateLoader.findTemplateSource("spark/partials/standard-content_en.ftl"): Not found
2025-05-30 12:35:28,240 [DEBUG] freemarker.cache  - TemplateLoader.findTemplateSource("spark/partials/standard-content.ftl"): Found
2025-05-30 12:35:28,240 [DEBUG] freemarker.cache  - Loading template for "spark/partials/standard-content.ftl"("en_IN", UTF-8, parsed) from "jar:file:/C:/Users/chk017/.m2/repository/com/aventstack/extentreports/5.1.2/extentreports-5.1.2.jar!/com/aventstack/extentreports/templates/spark/partials/standard-content.ftl"
2025-05-30 12:35:28,264 [DEBUG] freemarker.cache  - Couldn't find template in cache for "spark/partials/exception.ftl"("en_IN", UTF-8, parsed); will try to load it.
2025-05-30 12:35:28,264 [DEBUG] freemarker.cache  - TemplateLoader.findTemplateSource("spark/partials/exception_en_IN.ftl"): Not found
2025-05-30 12:35:28,265 [DEBUG] freemarker.cache  - TemplateLoader.findTemplateSource("spark/partials/exception_en.ftl"): Not found
2025-05-30 12:35:28,265 [DEBUG] freemarker.cache  - TemplateLoader.findTemplateSource("spark/partials/exception.ftl"): Found
2025-05-30 12:35:28,265 [DEBUG] freemarker.cache  - Loading template for "spark/partials/exception.ftl"("en_IN", UTF-8, parsed) from "jar:file:/C:/Users/chk017/.m2/repository/com/aventstack/extentreports/5.1.2/extentreports-5.1.2.jar!/com/aventstack/extentreports/templates/spark/partials/exception.ftl"
2025-05-30 12:35:28,268 [DEBUG] freemarker.cache  - Couldn't find template in cache for "spark/partials/category.ftl"("en_IN", UTF-8, parsed); will try to load it.
2025-05-30 12:35:28,269 [DEBUG] freemarker.cache  - TemplateLoader.findTemplateSource("spark/partials/category_en_IN.ftl"): Not found
2025-05-30 12:35:28,269 [DEBUG] freemarker.cache  - TemplateLoader.findTemplateSource("spark/partials/category_en.ftl"): Not found
2025-05-30 12:35:28,270 [DEBUG] freemarker.cache  - TemplateLoader.findTemplateSource("spark/partials/category.ftl"): Found
2025-05-30 12:35:28,270 [DEBUG] freemarker.cache  - Loading template for "spark/partials/category.ftl"("en_IN", UTF-8, parsed) from "jar:file:/C:/Users/chk017/.m2/repository/com/aventstack/extentreports/5.1.2/extentreports-5.1.2.jar!/com/aventstack/extentreports/templates/spark/partials/category.ftl"
2025-05-30 12:35:28,272 [DEBUG] freemarker.cache  - Couldn't find template in cache for "spark/partials/device.ftl"("en_IN", UTF-8, parsed); will try to load it.
2025-05-30 12:35:28,272 [DEBUG] freemarker.cache  - TemplateLoader.findTemplateSource("spark/partials/device_en_IN.ftl"): Not found
2025-05-30 12:35:28,272 [DEBUG] freemarker.cache  - TemplateLoader.findTemplateSource("spark/partials/device_en.ftl"): Not found
2025-05-30 12:35:28,272 [DEBUG] freemarker.cache  - TemplateLoader.findTemplateSource("spark/partials/device.ftl"): Found
2025-05-30 12:35:28,273 [DEBUG] freemarker.cache  - Loading template for "spark/partials/device.ftl"("en_IN", UTF-8, parsed) from "jar:file:/C:/Users/chk017/.m2/repository/com/aventstack/extentreports/5.1.2/extentreports-5.1.2.jar!/com/aventstack/extentreports/templates/spark/partials/device.ftl"
2025-05-30 12:35:28,274 [DEBUG] freemarker.cache  - Couldn't find template in cache for "spark/partials/author.ftl"("en_IN", UTF-8, parsed); will try to load it.
2025-05-30 12:35:28,275 [DEBUG] freemarker.cache  - TemplateLoader.findTemplateSource("spark/partials/author_en_IN.ftl"): Not found
2025-05-30 12:35:28,275 [DEBUG] freemarker.cache  - TemplateLoader.findTemplateSource("spark/partials/author_en.ftl"): Not found
2025-05-30 12:35:28,276 [DEBUG] freemarker.cache  - TemplateLoader.findTemplateSource("spark/partials/author.ftl"): Found
2025-05-30 12:35:28,276 [DEBUG] freemarker.cache  - Loading template for "spark/partials/author.ftl"("en_IN", UTF-8, parsed) from "jar:file:/C:/Users/chk017/.m2/repository/com/aventstack/extentreports/5.1.2/extentreports-5.1.2.jar!/com/aventstack/extentreports/templates/spark/partials/author.ftl"
2025-05-30 12:35:28,281 [DEBUG] freemarker.cache  - Couldn't find template in cache for "spark/partials/log.ftl"("en_IN", UTF-8, parsed); will try to load it.
2025-05-30 12:35:28,281 [DEBUG] freemarker.cache  - TemplateLoader.findTemplateSource("spark/partials/log_en_IN.ftl"): Not found
2025-05-30 12:35:28,282 [DEBUG] freemarker.cache  - TemplateLoader.findTemplateSource("spark/partials/log_en.ftl"): Not found
2025-05-30 12:35:28,282 [DEBUG] freemarker.cache  - TemplateLoader.findTemplateSource("spark/partials/log.ftl"): Found
2025-05-30 12:35:28,282 [DEBUG] freemarker.cache  - Loading template for "spark/partials/log.ftl"("en_IN", UTF-8, parsed) from "jar:file:/C:/Users/chk017/.m2/repository/com/aventstack/extentreports/5.1.2/extentreports-5.1.2.jar!/com/aventstack/extentreports/templates/spark/partials/log.ftl"
2025-05-30 12:35:28,285 [DEBUG] freemarker.cache  - Couldn't find template in cache for "spark/partials/dashboard.ftl"("en_IN", UTF-8, parsed); will try to load it.
2025-05-30 12:35:28,285 [DEBUG] freemarker.cache  - TemplateLoader.findTemplateSource("spark/partials/dashboard_en_IN.ftl"): Not found
2025-05-30 12:35:28,286 [DEBUG] freemarker.cache  - TemplateLoader.findTemplateSource("spark/partials/dashboard_en.ftl"): Not found
2025-05-30 12:35:28,286 [DEBUG] freemarker.cache  - TemplateLoader.findTemplateSource("spark/partials/dashboard.ftl"): Found
2025-05-30 12:35:28,286 [DEBUG] freemarker.cache  - Loading template for "spark/partials/dashboard.ftl"("en_IN", UTF-8, parsed) from "jar:file:/C:/Users/chk017/.m2/repository/com/aventstack/extentreports/5.1.2/extentreports-5.1.2.jar!/com/aventstack/extentreports/templates/spark/partials/dashboard.ftl"
2025-05-30 12:35:28,345 [DEBUG] freemarker.cache  - Couldn't find template in cache for "spark/partials/scripts.ftl"("en_IN", UTF-8, parsed); will try to load it.
2025-05-30 12:35:28,346 [DEBUG] freemarker.cache  - TemplateLoader.findTemplateSource("spark/partials/scripts_en_IN.ftl"): Not found
2025-05-30 12:35:28,347 [DEBUG] freemarker.cache  - TemplateLoader.findTemplateSource("spark/partials/scripts_en.ftl"): Not found
2025-05-30 12:35:28,347 [DEBUG] freemarker.cache  - TemplateLoader.findTemplateSource("spark/partials/scripts.ftl"): Found
2025-05-30 12:35:28,348 [DEBUG] freemarker.cache  - Loading template for "spark/partials/scripts.ftl"("en_IN", UTF-8, parsed) from "jar:file:/C:/Users/chk017/.m2/repository/com/aventstack/extentreports/5.1.2/extentreports-5.1.2.jar!/com/aventstack/extentreports/templates/spark/partials/scripts.ftl"
2025-05-30 12:35:28,350 [DEBUG] freemarker.cache  - Couldn't find template in cache for "commons/commons-inject-js.ftl"("en_IN", UTF-8, parsed); will try to load it.
2025-05-30 12:35:28,351 [DEBUG] freemarker.cache  - TemplateLoader.findTemplateSource("commons/commons-inject-js_en_IN.ftl"): Not found
2025-05-30 12:35:28,351 [DEBUG] freemarker.cache  - TemplateLoader.findTemplateSource("commons/commons-inject-js_en.ftl"): Not found
2025-05-30 12:35:28,352 [DEBUG] freemarker.cache  - TemplateLoader.findTemplateSource("commons/commons-inject-js.ftl"): Found
2025-05-30 12:35:28,352 [DEBUG] freemarker.cache  - Loading template for "commons/commons-inject-js.ftl"("en_IN", UTF-8, parsed) from "jar:file:/C:/Users/chk017/.m2/repository/com/aventstack/extentreports/5.1.2/extentreports-5.1.2.jar!/com/aventstack/extentreports/templates/commons/commons-inject-js.ftl"
