2025-05-30 11:24:43 DEBUG org.testng.TestNG - suiteXmlPath: "C:\Users\chk017\AppData\Local\Temp\testng-eclipse--1337479157\testng-customsuite.xml"
2025-05-30 11:24:44 INFO  org.testng.internal.Utils - [Utils] MethodGroupsHelper.collectMethodsByGroup() took 6 ms.
2025-05-30 11:24:44 INFO  org.testng.internal.Utils - [Utils] MethodGroupsHelper.sortMethods() took 6 ms.
2025-05-30 11:24:44 INFO  org.testng.internal.Utils - [Utils] MethodGroupsHelper.collectMethodsByGroup() took 0 ms.
2025-05-30 11:24:44 INFO  org.testng.internal.Utils - [Utils] MethodGroupsHelper.sortMethods() took 0 ms.
2025-05-30 11:24:44 INFO  org.testng.internal.Utils - [Utils] MethodGroupsHelper.collectMethodsByGroup() took 0 ms.
2025-05-30 11:24:44 INFO  org.testng.internal.Utils - [Utils] MethodGroupsHelper.sortMethods() took 0 ms.
2025-05-30 11:24:44 INFO  org.testng.internal.Utils - [Utils] MethodGroupsHelper.collectMethodsByGroup() took 0 ms.
2025-05-30 11:24:44 INFO  org.testng.internal.Utils - [Utils] MethodGroupsHelper.sortMethods() took 0 ms.
2025-05-30 11:24:44 INFO  org.testng.internal.Utils - [Utils] MethodGroupsHelper.collectMethodsByGroup() took 0 ms.
2025-05-30 11:24:44 INFO  org.testng.internal.Utils - [Utils] MethodGroupsHelper.sortMethods() took 0 ms.
2025-05-30 11:24:44 INFO  org.testng.internal.Utils - [Utils] MethodGroupsHelper.collectMethodsByGroup() took 0 ms.
2025-05-30 11:24:44 INFO  org.testng.internal.Utils - [Utils] MethodGroupsHelper.sortMethods() took 0 ms.
2025-05-30 11:24:44 INFO  org.testng.internal.Utils - [Utils] MethodGroupsHelper.collectMethodsByGroup() took 0 ms.
2025-05-30 11:24:44 INFO  org.testng.internal.Utils - [Utils] MethodGroupsHelper.sortMethods() took 0 ms.
2025-05-30 11:24:44 INFO  org.testng.internal.Utils - [Utils] MethodGroupsHelper.collectMethodsByGroup() took 0 ms.
2025-05-30 11:24:44 INFO  org.testng.internal.Utils - [Utils] MethodGroupsHelper.sortMethods() took 0 ms.
2025-05-30 11:24:44 INFO  org.testng.internal.Utils - [Utils] MethodGroupsHelper.collectMethodsByGroup() took 0 ms.
2025-05-30 11:24:44 INFO  org.testng.internal.Utils - [Utils] MethodGroupsHelper.sortMethods() took 0 ms.
2025-05-30 11:24:44 INFO  org.testng.internal.Utils - [Utils] MethodGroupsHelper.collectMethodsByGroup() took 0 ms.
2025-05-30 11:24:44 INFO  org.testng.internal.Utils - [Utils] MethodGroupsHelper.sortMethods() took 0 ms.
2025-05-30 11:24:44 INFO  org.testng.internal.Utils - [Utils] MethodGroupsHelper.collectMethodsByGroup() took 0 ms.
2025-05-30 11:24:44 INFO  org.testng.internal.Utils - [Utils] MethodGroupsHelper.sortMethods() took 0 ms.
2025-05-30 11:24:44 INFO  org.testng.internal.Utils - [Utils] MethodGroupsHelper.collectMethodsByGroup() took 0 ms.
2025-05-30 11:24:44 INFO  org.testng.internal.Utils - [Utils] MethodGroupsHelper.sortMethods() took 0 ms.
2025-05-30 11:24:44 INFO  org.testng.internal.Utils - [Utils] MethodGroupsHelper.collectMethodsByGroup() took 2 ms.
2025-05-30 11:24:44 INFO  org.testng.internal.Utils - [Utils] MethodGroupsHelper.sortMethods() took 0 ms.
2025-05-30 11:24:44 INFO  org.testng.internal.Utils - [Utils] MethodGroupsHelper.collectMethodsByGroup() took 0 ms.
2025-05-30 11:24:44 INFO  org.testng.internal.Utils - [Utils] MethodGroupsHelper.sortMethods() took 0 ms.
2025-05-30 11:24:44 INFO  org.testng.internal.Utils - [Utils] MethodGroupsHelper.collectMethodsByGroup() took 0 ms.
2025-05-30 11:24:44 INFO  org.testng.internal.Utils - [Utils] MethodGroupsHelper.sortMethods() took 1 ms.
2025-05-30 11:24:44 INFO  org.testng.internal.Utils - [TestNG] Running:
  C:\Users\chk017\AppData\Local\Temp\testng-eclipse--1337479157\testng-customsuite.xml

2025-05-30 11:24:44 INFO  org.testng.internal.Utils - [Utils] DynamicGraphHelper.createDynamicGraph() took 3 ms.
2025-05-30 11:29:11 INFO  sauce_Login -  

 <<<<<<<<<<<<<<<<<<<<<<   starting Test  :  sauce_Login  >>>>>>>>>>>>>>>>>>>>>>>
2025-05-30 11:29:12 INFO  sauce_Login - System is retrieving test data...
2025-05-30 11:29:47 INFO  sauce_Login - 
 
 xxxxxxxxxxxxxxxx   -   End of Test  -  xxxxxxxxxxxxxxxx 
 
2025-05-30 11:29:47 INFO  sauce_Login -  
 
 =============================$$$$$$$$$$$$$$$$$$$$  -  End of Report  -  $$$$$$$$$$$$$$$$$$$$===================================================
2025-05-30 11:29:47 INFO  org.testng.internal.Utils - [TestNG] Time taken by org.testng.reporters.jq.Main@6bcc3f27: 129 ms
2025-05-30 11:29:47 INFO  org.testng.internal.Utils - [TestNG] Time taken by org.testng.reporters.FailedReporter@365cdacf: 28 ms
2025-05-30 11:29:48 INFO  org.testng.internal.Utils - [TestNG] Time taken by org.testng.reporters.XMLReporter@40fa8766: 21 ms
2025-05-30 11:29:48 INFO  org.testng.internal.Utils - [TestNG] Time taken by org.testng.reporters.EmailableReporter2@b46e103: 13 ms
2025-05-30 11:29:48 INFO  org.testng.internal.Utils - [TestNG] Time taken by org.testng.reporters.JUnitReportReporter@6824b913: 12 ms
2025-05-30 11:29:48 INFO  org.testng.internal.Utils - [TestNG] Time taken by org.testng.internal.ExitCodeListener@756aadfc: 0 ms
2025-05-30 12:34:33 DEBUG org.testng.TestNG - suiteXmlPath: "C:\Users\chk017\AppData\Local\Temp\testng-eclipse-840056093\testng-customsuite.xml"
2025-05-30 12:34:33 INFO  org.testng.internal.Utils - [Utils] MethodGroupsHelper.collectMethodsByGroup() took 5 ms.
2025-05-30 12:34:33 INFO  org.testng.internal.Utils - [Utils] MethodGroupsHelper.sortMethods() took 7 ms.
2025-05-30 12:34:33 INFO  org.testng.internal.Utils - [Utils] MethodGroupsHelper.collectMethodsByGroup() took 0 ms.
2025-05-30 12:34:33 INFO  org.testng.internal.Utils - [Utils] MethodGroupsHelper.sortMethods() took 0 ms.
2025-05-30 12:34:33 INFO  org.testng.internal.Utils - [Utils] MethodGroupsHelper.collectMethodsByGroup() took 0 ms.
2025-05-30 12:34:33 INFO  org.testng.internal.Utils - [Utils] MethodGroupsHelper.sortMethods() took 0 ms.
2025-05-30 12:34:33 INFO  org.testng.internal.Utils - [Utils] MethodGroupsHelper.collectMethodsByGroup() took 0 ms.
2025-05-30 12:34:33 INFO  org.testng.internal.Utils - [Utils] MethodGroupsHelper.sortMethods() took 0 ms.
2025-05-30 12:34:33 INFO  org.testng.internal.Utils - [Utils] MethodGroupsHelper.collectMethodsByGroup() took 0 ms.
2025-05-30 12:34:33 INFO  org.testng.internal.Utils - [Utils] MethodGroupsHelper.sortMethods() took 0 ms.
2025-05-30 12:34:33 INFO  org.testng.internal.Utils - [Utils] MethodGroupsHelper.collectMethodsByGroup() took 0 ms.
2025-05-30 12:34:33 INFO  org.testng.internal.Utils - [Utils] MethodGroupsHelper.sortMethods() took 1 ms.
2025-05-30 12:34:33 INFO  org.testng.internal.Utils - [Utils] MethodGroupsHelper.collectMethodsByGroup() took 0 ms.
2025-05-30 12:34:33 INFO  org.testng.internal.Utils - [Utils] MethodGroupsHelper.sortMethods() took 0 ms.
2025-05-30 12:34:33 INFO  org.testng.internal.Utils - [Utils] MethodGroupsHelper.collectMethodsByGroup() took 0 ms.
2025-05-30 12:34:33 INFO  org.testng.internal.Utils - [Utils] MethodGroupsHelper.sortMethods() took 0 ms.
2025-05-30 12:34:33 INFO  org.testng.internal.Utils - [Utils] MethodGroupsHelper.collectMethodsByGroup() took 0 ms.
2025-05-30 12:34:33 INFO  org.testng.internal.Utils - [Utils] MethodGroupsHelper.sortMethods() took 0 ms.
2025-05-30 12:34:33 INFO  org.testng.internal.Utils - [Utils] MethodGroupsHelper.collectMethodsByGroup() took 0 ms.
2025-05-30 12:34:33 INFO  org.testng.internal.Utils - [Utils] MethodGroupsHelper.sortMethods() took 0 ms.
2025-05-30 12:34:33 INFO  org.testng.internal.Utils - [Utils] MethodGroupsHelper.collectMethodsByGroup() took 0 ms.
2025-05-30 12:34:33 INFO  org.testng.internal.Utils - [Utils] MethodGroupsHelper.sortMethods() took 1 ms.
2025-05-30 12:34:33 INFO  org.testng.internal.Utils - [Utils] MethodGroupsHelper.collectMethodsByGroup() took 0 ms.
2025-05-30 12:34:33 INFO  org.testng.internal.Utils - [Utils] MethodGroupsHelper.sortMethods() took 0 ms.
2025-05-30 12:34:33 INFO  org.testng.internal.Utils - [Utils] MethodGroupsHelper.collectMethodsByGroup() took 2 ms.
2025-05-30 12:34:33 INFO  org.testng.internal.Utils - [Utils] MethodGroupsHelper.sortMethods() took 0 ms.
2025-05-30 12:34:33 INFO  org.testng.internal.Utils - [Utils] MethodGroupsHelper.collectMethodsByGroup() took 0 ms.
2025-05-30 12:34:33 INFO  org.testng.internal.Utils - [Utils] MethodGroupsHelper.sortMethods() took 0 ms.
2025-05-30 12:34:33 INFO  org.testng.internal.Utils - [Utils] MethodGroupsHelper.collectMethodsByGroup() took 0 ms.
2025-05-30 12:34:33 INFO  org.testng.internal.Utils - [Utils] MethodGroupsHelper.sortMethods() took 0 ms.
2025-05-30 12:34:33 INFO  org.testng.internal.Utils - [TestNG] Running:
  C:\Users\chk017\AppData\Local\Temp\testng-eclipse-840056093\testng-customsuite.xml

2025-05-30 12:34:33 INFO  org.testng.internal.Utils - [Utils] DynamicGraphHelper.createDynamicGraph() took 1 ms.
2025-05-30 12:34:37 INFO  sauce_Login -  

 <<<<<<<<<<<<<<<<<<<<<<   starting Test  :  sauce_Login  >>>>>>>>>>>>>>>>>>>>>>>
2025-05-30 12:34:38 INFO  sauce_Login - System is retrieving test data...
2025-05-30 12:34:42 INFO  sauce_Login -  
 
 =============================$$$$$$$$$$$$$$$$$$$$  -  End of Report  -  $$$$$$$$$$$$$$$$$$$$===================================================
2025-05-30 12:34:42 INFO  org.testng.internal.Utils - [TestNG] Time taken by org.testng.reporters.jq.Main@5f631ca0: 63 ms
2025-05-30 12:34:42 INFO  org.testng.internal.Utils - [TestNG] Time taken by org.testng.reporters.FailedReporter@3f362135: 11 ms
2025-05-30 12:34:42 INFO  org.testng.internal.Utils - [TestNG] Time taken by org.testng.reporters.XMLReporter@2e7157c7: 7 ms
2025-05-30 12:34:42 INFO  org.testng.internal.Utils - [TestNG] Time taken by org.testng.reporters.EmailableReporter2@4fc5563d: 8 ms
2025-05-30 12:34:42 INFO  org.testng.internal.Utils - [TestNG] Time taken by org.testng.reporters.JUnitReportReporter@7be2f29a: 8 ms
2025-05-30 12:34:42 INFO  org.testng.internal.Utils - [TestNG] Time taken by org.testng.internal.ExitCodeListener@203d1d93: 0 ms
2025-05-30 12:35:12 DEBUG org.testng.TestNG - suiteXmlPath: "C:\Users\chk017\AppData\Local\Temp\testng-eclipse-365153357\testng-customsuite.xml"
2025-05-30 12:35:12 INFO  org.testng.internal.Utils - [Utils] MethodGroupsHelper.collectMethodsByGroup() took 5 ms.
2025-05-30 12:35:12 INFO  org.testng.internal.Utils - [Utils] MethodGroupsHelper.sortMethods() took 5 ms.
2025-05-30 12:35:12 INFO  org.testng.internal.Utils - [Utils] MethodGroupsHelper.collectMethodsByGroup() took 0 ms.
2025-05-30 12:35:12 INFO  org.testng.internal.Utils - [Utils] MethodGroupsHelper.sortMethods() took 0 ms.
2025-05-30 12:35:12 INFO  org.testng.internal.Utils - [Utils] MethodGroupsHelper.collectMethodsByGroup() took 0 ms.
2025-05-30 12:35:12 INFO  org.testng.internal.Utils - [Utils] MethodGroupsHelper.sortMethods() took 0 ms.
2025-05-30 12:35:12 INFO  org.testng.internal.Utils - [Utils] MethodGroupsHelper.collectMethodsByGroup() took 0 ms.
2025-05-30 12:35:12 INFO  org.testng.internal.Utils - [Utils] MethodGroupsHelper.sortMethods() took 0 ms.
2025-05-30 12:35:12 INFO  org.testng.internal.Utils - [Utils] MethodGroupsHelper.collectMethodsByGroup() took 0 ms.
2025-05-30 12:35:12 INFO  org.testng.internal.Utils - [Utils] MethodGroupsHelper.sortMethods() took 0 ms.
2025-05-30 12:35:12 INFO  org.testng.internal.Utils - [Utils] MethodGroupsHelper.collectMethodsByGroup() took 0 ms.
2025-05-30 12:35:12 INFO  org.testng.internal.Utils - [Utils] MethodGroupsHelper.sortMethods() took 0 ms.
2025-05-30 12:35:12 INFO  org.testng.internal.Utils - [Utils] MethodGroupsHelper.collectMethodsByGroup() took 0 ms.
2025-05-30 12:35:12 INFO  org.testng.internal.Utils - [Utils] MethodGroupsHelper.sortMethods() took 0 ms.
2025-05-30 12:35:12 INFO  org.testng.internal.Utils - [Utils] MethodGroupsHelper.collectMethodsByGroup() took 0 ms.
2025-05-30 12:35:12 INFO  org.testng.internal.Utils - [Utils] MethodGroupsHelper.sortMethods() took 0 ms.
2025-05-30 12:35:12 INFO  org.testng.internal.Utils - [Utils] MethodGroupsHelper.collectMethodsByGroup() took 0 ms.
2025-05-30 12:35:12 INFO  org.testng.internal.Utils - [Utils] MethodGroupsHelper.sortMethods() took 0 ms.
2025-05-30 12:35:12 INFO  org.testng.internal.Utils - [Utils] MethodGroupsHelper.collectMethodsByGroup() took 0 ms.
2025-05-30 12:35:12 INFO  org.testng.internal.Utils - [Utils] MethodGroupsHelper.sortMethods() took 0 ms.
2025-05-30 12:35:12 INFO  org.testng.internal.Utils - [Utils] MethodGroupsHelper.collectMethodsByGroup() took 0 ms.
2025-05-30 12:35:12 INFO  org.testng.internal.Utils - [Utils] MethodGroupsHelper.sortMethods() took 0 ms.
2025-05-30 12:35:12 INFO  org.testng.internal.Utils - [Utils] MethodGroupsHelper.collectMethodsByGroup() took 0 ms.
2025-05-30 12:35:12 INFO  org.testng.internal.Utils - [Utils] MethodGroupsHelper.sortMethods() took 0 ms.
2025-05-30 12:35:12 INFO  org.testng.internal.Utils - [Utils] MethodGroupsHelper.collectMethodsByGroup() took 3 ms.
2025-05-30 12:35:12 INFO  org.testng.internal.Utils - [Utils] MethodGroupsHelper.sortMethods() took 0 ms.
2025-05-30 12:35:12 INFO  org.testng.internal.Utils - [Utils] MethodGroupsHelper.collectMethodsByGroup() took 0 ms.
2025-05-30 12:35:12 INFO  org.testng.internal.Utils - [Utils] MethodGroupsHelper.sortMethods() took 0 ms.
2025-05-30 12:35:12 INFO  org.testng.internal.Utils - [Utils] MethodGroupsHelper.collectMethodsByGroup() took 1 ms.
2025-05-30 12:35:12 INFO  org.testng.internal.Utils - [Utils] MethodGroupsHelper.sortMethods() took 0 ms.
2025-05-30 12:35:12 INFO  org.testng.internal.Utils - [TestNG] Running:
  C:\Users\chk017\AppData\Local\Temp\testng-eclipse-365153357\testng-customsuite.xml

2025-05-30 12:35:12 INFO  org.testng.internal.Utils - [Utils] DynamicGraphHelper.createDynamicGraph() took 2 ms.
2025-05-30 12:35:16 INFO  sauce_Login -  

 <<<<<<<<<<<<<<<<<<<<<<   starting Test  :  sauce_Login  >>>>>>>>>>>>>>>>>>>>>>>
2025-05-30 12:35:17 INFO  sauce_Login - System is retrieving test data...
2025-05-30 12:35:19 INFO  sauce_Login - Waiting for 1 seconds
2025-05-30 12:35:20 INFO  sauce_Login - Waiting for 1 seconds
2025-05-30 12:35:22 INFO  sauce_Login - Waiting for 1 seconds
2025-05-30 12:35:23 INFO  sauce_Login - Waiting for 1 seconds
2025-05-30 12:35:24 INFO  sauce_Login - Waiting for 1 seconds
2025-05-30 12:35:25 INFO  sauce_Login - Waiting for 1 seconds
2025-05-30 12:35:26 INFO  sauce_Login - Waiting for 1 seconds
2025-05-30 12:35:27 INFO  sauce_Login - Waiting for 1 seconds
2025-05-30 12:35:27 INFO  sauce_Login - 
 
 xxxxxxxxxxxxxxxx   -   End of Test  -  xxxxxxxxxxxxxxxx 
 
2025-05-30 12:35:27 INFO  sauce_Login -  
 
 =============================$$$$$$$$$$$$$$$$$$$$  -  End of Report  -  $$$$$$$$$$$$$$$$$$$$===================================================
2025-05-30 12:35:28 INFO  org.testng.internal.Utils - [TestNG] Time taken by org.testng.reporters.jq.Main@69cd1085: 131 ms
2025-05-30 12:35:28 INFO  org.testng.internal.Utils - [TestNG] Time taken by org.testng.reporters.FailedReporter@67774e29: 2 ms
2025-05-30 12:35:28 INFO  org.testng.internal.Utils - [TestNG] Time taken by org.testng.reporters.XMLReporter@27df95e: 17 ms
2025-05-30 12:35:28 INFO  org.testng.internal.Utils - [TestNG] Time taken by org.testng.reporters.EmailableReporter2@73c3cd09: 12 ms
2025-05-30 12:35:28 INFO  org.testng.internal.Utils - [TestNG] Time taken by org.testng.reporters.JUnitReportReporter@f5cf29b: 8 ms
2025-05-30 12:35:28 INFO  org.testng.internal.Utils - [TestNG] Time taken by org.testng.internal.ExitCodeListener@3c66b7d8: 0 ms
2025-05-30 14:07:40 DEBUG org.testng.TestNG - suiteXmlPath: "C:\Users\chk017\AppData\Local\Temp\testng-eclipse-1030887138\testng-customsuite.xml"
2025-05-30 14:07:40 INFO  org.testng.internal.Utils - [Utils] MethodGroupsHelper.collectMethodsByGroup() took 5 ms.
2025-05-30 14:07:40 INFO  org.testng.internal.Utils - [Utils] MethodGroupsHelper.sortMethods() took 8 ms.
2025-05-30 14:07:40 INFO  org.testng.internal.Utils - [Utils] MethodGroupsHelper.collectMethodsByGroup() took 0 ms.
2025-05-30 14:07:40 INFO  org.testng.internal.Utils - [Utils] MethodGroupsHelper.sortMethods() took 0 ms.
2025-05-30 14:07:40 INFO  org.testng.internal.Utils - [Utils] MethodGroupsHelper.collectMethodsByGroup() took 0 ms.
2025-05-30 14:07:40 INFO  org.testng.internal.Utils - [Utils] MethodGroupsHelper.sortMethods() took 0 ms.
2025-05-30 14:07:40 INFO  org.testng.internal.Utils - [Utils] MethodGroupsHelper.collectMethodsByGroup() took 0 ms.
2025-05-30 14:07:40 INFO  org.testng.internal.Utils - [Utils] MethodGroupsHelper.sortMethods() took 0 ms.
2025-05-30 14:07:40 INFO  org.testng.internal.Utils - [Utils] MethodGroupsHelper.collectMethodsByGroup() took 0 ms.
2025-05-30 14:07:40 INFO  org.testng.internal.Utils - [Utils] MethodGroupsHelper.sortMethods() took 0 ms.
2025-05-30 14:07:40 INFO  org.testng.internal.Utils - [Utils] MethodGroupsHelper.collectMethodsByGroup() took 0 ms.
2025-05-30 14:07:40 INFO  org.testng.internal.Utils - [Utils] MethodGroupsHelper.sortMethods() took 0 ms.
2025-05-30 14:07:40 INFO  org.testng.internal.Utils - [Utils] MethodGroupsHelper.collectMethodsByGroup() took 0 ms.
2025-05-30 14:07:40 INFO  org.testng.internal.Utils - [Utils] MethodGroupsHelper.sortMethods() took 0 ms.
2025-05-30 14:07:40 INFO  org.testng.internal.Utils - [Utils] MethodGroupsHelper.collectMethodsByGroup() took 0 ms.
2025-05-30 14:07:40 INFO  org.testng.internal.Utils - [Utils] MethodGroupsHelper.sortMethods() took 0 ms.
2025-05-30 14:07:40 INFO  org.testng.internal.Utils - [Utils] MethodGroupsHelper.collectMethodsByGroup() took 0 ms.
2025-05-30 14:07:40 INFO  org.testng.internal.Utils - [Utils] MethodGroupsHelper.sortMethods() took 0 ms.
2025-05-30 14:07:40 INFO  org.testng.internal.Utils - [Utils] MethodGroupsHelper.collectMethodsByGroup() took 0 ms.
2025-05-30 14:07:40 INFO  org.testng.internal.Utils - [Utils] MethodGroupsHelper.sortMethods() took 0 ms.
2025-05-30 14:07:40 INFO  org.testng.internal.Utils - [Utils] MethodGroupsHelper.collectMethodsByGroup() took 0 ms.
2025-05-30 14:07:40 INFO  org.testng.internal.Utils - [Utils] MethodGroupsHelper.sortMethods() took 0 ms.
2025-05-30 14:07:40 INFO  org.testng.internal.Utils - [Utils] MethodGroupsHelper.collectMethodsByGroup() took 0 ms.
2025-05-30 14:07:40 INFO  org.testng.internal.Utils - [Utils] MethodGroupsHelper.sortMethods() took 0 ms.
2025-05-30 14:07:40 INFO  org.testng.internal.Utils - [Utils] MethodGroupsHelper.collectMethodsByGroup() took 2 ms.
2025-05-30 14:07:40 INFO  org.testng.internal.Utils - [Utils] MethodGroupsHelper.sortMethods() took 1 ms.
2025-05-30 14:07:40 INFO  org.testng.internal.Utils - [Utils] MethodGroupsHelper.collectMethodsByGroup() took 0 ms.
2025-05-30 14:07:40 INFO  org.testng.internal.Utils - [Utils] MethodGroupsHelper.sortMethods() took 0 ms.
2025-05-30 14:07:40 INFO  org.testng.internal.Utils - [Utils] MethodGroupsHelper.collectMethodsByGroup() took 0 ms.
2025-05-30 14:07:40 INFO  org.testng.internal.Utils - [Utils] MethodGroupsHelper.sortMethods() took 0 ms.
2025-05-30 14:07:40 INFO  org.testng.internal.Utils - [TestNG] Running:
  C:\Users\chk017\AppData\Local\Temp\testng-eclipse-1030887138\testng-customsuite.xml

2025-05-30 14:07:40 INFO  org.testng.internal.Utils - [Utils] DynamicGraphHelper.createDynamicGraph() took 4 ms.
2025-05-30 14:07:44 INFO  sauce_Login -  

 <<<<<<<<<<<<<<<<<<<<<<   starting Test  :  sauce_Login  >>>>>>>>>>>>>>>>>>>>>>>
2025-05-30 14:07:44 INFO  sauce_Login - System is retrieving test data...
2025-05-30 14:07:47 INFO  sauce_Login - Waiting for 1 seconds
2025-05-30 14:07:48 INFO  sauce_Login - Waiting for 1 seconds
2025-05-30 14:07:49 INFO  sauce_Login - Waiting for 1 seconds
2025-05-30 14:07:50 INFO  sauce_Login - Waiting for 1 seconds
2025-05-30 14:07:51 INFO  sauce_Login - Waiting for 1 seconds
2025-05-30 14:07:52 INFO  sauce_Login - Waiting for 1 seconds
2025-05-30 14:07:53 INFO  sauce_Login - Waiting for 1 seconds
2025-05-30 14:07:54 INFO  sauce_Login - Waiting for 1 seconds
2025-05-30 14:07:54 INFO  sauce_Login - 
 
 xxxxxxxxxxxxxxxx   -   End of Test  -  xxxxxxxxxxxxxxxx 
 
2025-05-30 14:07:55 INFO  sauce_Login -  
 
 =============================$$$$$$$$$$$$$$$$$$$$  -  End of Report  -  $$$$$$$$$$$$$$$$$$$$===================================================
2025-05-30 14:07:55 INFO  org.testng.internal.Utils - [TestNG] Time taken by org.testng.reporters.jq.Main@668625f5: 86 ms
2025-05-30 14:07:55 INFO  org.testng.internal.Utils - [TestNG] Time taken by org.testng.reporters.FailedReporter@19a20bb2: 0 ms
2025-05-30 14:07:55 INFO  org.testng.internal.Utils - [TestNG] Time taken by org.testng.reporters.XMLReporter@3667faa8: 12 ms
2025-05-30 14:07:55 INFO  org.testng.internal.Utils - [TestNG] Time taken by org.testng.reporters.EmailableReporter2@4a2e7bcb: 7 ms
2025-05-30 14:07:55 INFO  org.testng.internal.Utils - [TestNG] Time taken by org.testng.reporters.JUnitReportReporter@24a2e565: 6 ms
2025-05-30 14:07:55 INFO  org.testng.internal.Utils - [TestNG] Time taken by org.testng.internal.ExitCodeListener@3e36b7a0: 0 ms
2025-06-03 19:24:06 DEBUG org.testng.TestNG - suiteXmlPath: "C:\Users\chk017\AppData\Local\Temp\testng-eclipse--1804413569\testng-customsuite.xml"
2025-06-03 19:24:07 INFO  org.testng.internal.Utils - [Utils] MethodGroupsHelper.collectMethodsByGroup() took 5 ms.
2025-06-03 19:24:07 INFO  org.testng.internal.Utils - [Utils] MethodGroupsHelper.sortMethods() took 6 ms.
2025-06-03 19:24:07 INFO  org.testng.internal.Utils - [Utils] MethodGroupsHelper.collectMethodsByGroup() took 0 ms.
2025-06-03 19:24:07 INFO  org.testng.internal.Utils - [Utils] MethodGroupsHelper.sortMethods() took 0 ms.
2025-06-03 19:24:07 INFO  org.testng.internal.Utils - [Utils] MethodGroupsHelper.collectMethodsByGroup() took 0 ms.
2025-06-03 19:24:07 INFO  org.testng.internal.Utils - [Utils] MethodGroupsHelper.sortMethods() took 0 ms.
2025-06-03 19:24:07 INFO  org.testng.internal.Utils - [Utils] MethodGroupsHelper.collectMethodsByGroup() took 0 ms.
2025-06-03 19:24:07 INFO  org.testng.internal.Utils - [Utils] MethodGroupsHelper.sortMethods() took 0 ms.
2025-06-03 19:24:07 INFO  org.testng.internal.Utils - [Utils] MethodGroupsHelper.collectMethodsByGroup() took 0 ms.
2025-06-03 19:24:07 INFO  org.testng.internal.Utils - [Utils] MethodGroupsHelper.sortMethods() took 0 ms.
2025-06-03 19:24:07 INFO  org.testng.internal.Utils - [Utils] MethodGroupsHelper.collectMethodsByGroup() took 0 ms.
2025-06-03 19:24:07 INFO  org.testng.internal.Utils - [Utils] MethodGroupsHelper.sortMethods() took 0 ms.
2025-06-03 19:24:07 INFO  org.testng.internal.Utils - [Utils] MethodGroupsHelper.collectMethodsByGroup() took 0 ms.
2025-06-03 19:24:07 INFO  org.testng.internal.Utils - [Utils] MethodGroupsHelper.sortMethods() took 0 ms.
2025-06-03 19:24:07 INFO  org.testng.internal.Utils - [Utils] MethodGroupsHelper.collectMethodsByGroup() took 0 ms.
2025-06-03 19:24:07 INFO  org.testng.internal.Utils - [Utils] MethodGroupsHelper.sortMethods() took 0 ms.
2025-06-03 19:24:07 INFO  org.testng.internal.Utils - [Utils] MethodGroupsHelper.collectMethodsByGroup() took 0 ms.
2025-06-03 19:24:07 INFO  org.testng.internal.Utils - [Utils] MethodGroupsHelper.sortMethods() took 0 ms.
2025-06-03 19:24:07 INFO  org.testng.internal.Utils - [Utils] MethodGroupsHelper.collectMethodsByGroup() took 0 ms.
2025-06-03 19:24:07 INFO  org.testng.internal.Utils - [Utils] MethodGroupsHelper.sortMethods() took 1 ms.
2025-06-03 19:24:07 INFO  org.testng.internal.Utils - [Utils] MethodGroupsHelper.collectMethodsByGroup() took 0 ms.
2025-06-03 19:24:07 INFO  org.testng.internal.Utils - [Utils] MethodGroupsHelper.sortMethods() took 0 ms.
2025-06-03 19:24:07 INFO  org.testng.internal.Utils - [Utils] MethodGroupsHelper.collectMethodsByGroup() took 0 ms.
2025-06-03 19:24:07 INFO  org.testng.internal.Utils - [Utils] MethodGroupsHelper.sortMethods() took 0 ms.
2025-06-03 19:24:07 INFO  org.testng.internal.Utils - [Utils] MethodGroupsHelper.collectMethodsByGroup() took 0 ms.
2025-06-03 19:24:07 INFO  org.testng.internal.Utils - [Utils] MethodGroupsHelper.sortMethods() took 0 ms.
2025-06-03 19:24:07 INFO  org.testng.internal.Utils - [Utils] MethodGroupsHelper.collectMethodsByGroup() took 0 ms.
2025-06-03 19:24:07 INFO  org.testng.internal.Utils - [Utils] MethodGroupsHelper.sortMethods() took 0 ms.
2025-06-03 19:24:07 INFO  org.testng.internal.Utils - [Utils] MethodGroupsHelper.collectMethodsByGroup() took 0 ms.
2025-06-03 19:24:07 INFO  org.testng.internal.Utils - [Utils] MethodGroupsHelper.sortMethods() took 0 ms.
2025-06-03 19:24:07 INFO  org.testng.internal.Utils - [TestNG] Running:
  C:\Users\chk017\AppData\Local\Temp\testng-eclipse--1804413569\testng-customsuite.xml

2025-06-03 19:24:07 INFO  org.testng.internal.Utils - [Utils] DynamicGraphHelper.createDynamicGraph() took 4 ms.
2025-06-03 19:24:10 INFO  sauce_Login -  

 <<<<<<<<<<<<<<<<<<<<<<   starting Test  :  sauce_Login  >>>>>>>>>>>>>>>>>>>>>>>
2025-06-03 19:24:11 INFO  sauce_Login - System is retrieving test data...
2025-06-03 19:24:14 INFO  sauce_Login - Waiting for 1 seconds
2025-06-03 19:24:15 INFO  sauce_Login - Waiting for 1 seconds
2025-06-03 19:24:18 INFO  sauce_Login - Waiting for 3 seconds
2025-06-05 08:11:36 DEBUG org.testng.TestNG - suiteXmlPath: "C:\Users\chk017\AppData\Local\Temp\testng-eclipse--49017068\testng-customsuite.xml"
2025-06-05 08:11:36 INFO  org.testng.internal.Utils - [Utils] MethodGroupsHelper.collectMethodsByGroup() took 4 ms.
2025-06-05 08:11:36 INFO  org.testng.internal.Utils - [Utils] MethodGroupsHelper.sortMethods() took 9 ms.
2025-06-05 08:11:36 INFO  org.testng.internal.Utils - [Utils] MethodGroupsHelper.collectMethodsByGroup() took 0 ms.
2025-06-05 08:11:36 INFO  org.testng.internal.Utils - [Utils] MethodGroupsHelper.sortMethods() took 0 ms.
2025-06-05 08:11:36 INFO  org.testng.internal.Utils - [Utils] MethodGroupsHelper.collectMethodsByGroup() took 0 ms.
2025-06-05 08:11:36 INFO  org.testng.internal.Utils - [Utils] MethodGroupsHelper.sortMethods() took 0 ms.
2025-06-05 08:11:36 INFO  org.testng.internal.Utils - [Utils] MethodGroupsHelper.collectMethodsByGroup() took 0 ms.
2025-06-05 08:11:36 INFO  org.testng.internal.Utils - [Utils] MethodGroupsHelper.sortMethods() took 0 ms.
2025-06-05 08:11:36 INFO  org.testng.internal.Utils - [Utils] MethodGroupsHelper.collectMethodsByGroup() took 0 ms.
2025-06-05 08:11:36 INFO  org.testng.internal.Utils - [Utils] MethodGroupsHelper.sortMethods() took 0 ms.
2025-06-05 08:11:36 INFO  org.testng.internal.Utils - [Utils] MethodGroupsHelper.collectMethodsByGroup() took 0 ms.
2025-06-05 08:11:36 INFO  org.testng.internal.Utils - [Utils] MethodGroupsHelper.sortMethods() took 0 ms.
2025-06-05 08:11:36 INFO  org.testng.internal.Utils - [Utils] MethodGroupsHelper.collectMethodsByGroup() took 0 ms.
2025-06-05 08:11:36 INFO  org.testng.internal.Utils - [Utils] MethodGroupsHelper.sortMethods() took 0 ms.
2025-06-05 08:11:36 INFO  org.testng.internal.Utils - [Utils] MethodGroupsHelper.collectMethodsByGroup() took 0 ms.
2025-06-05 08:11:36 INFO  org.testng.internal.Utils - [Utils] MethodGroupsHelper.sortMethods() took 0 ms.
2025-06-05 08:11:36 INFO  org.testng.internal.Utils - [Utils] MethodGroupsHelper.collectMethodsByGroup() took 0 ms.
2025-06-05 08:11:36 INFO  org.testng.internal.Utils - [Utils] MethodGroupsHelper.sortMethods() took 0 ms.
2025-06-05 08:11:36 INFO  org.testng.internal.Utils - [Utils] MethodGroupsHelper.collectMethodsByGroup() took 0 ms.
2025-06-05 08:11:36 INFO  org.testng.internal.Utils - [Utils] MethodGroupsHelper.sortMethods() took 0 ms.
2025-06-05 08:11:36 INFO  org.testng.internal.Utils - [Utils] MethodGroupsHelper.collectMethodsByGroup() took 0 ms.
2025-06-05 08:11:36 INFO  org.testng.internal.Utils - [Utils] MethodGroupsHelper.sortMethods() took 0 ms.
2025-06-05 08:11:36 INFO  org.testng.internal.Utils - [Utils] MethodGroupsHelper.collectMethodsByGroup() took 0 ms.
2025-06-05 08:11:36 INFO  org.testng.internal.Utils - [Utils] MethodGroupsHelper.sortMethods() took 0 ms.
2025-06-05 08:11:36 INFO  org.testng.internal.Utils - [Utils] MethodGroupsHelper.collectMethodsByGroup() took 0 ms.
2025-06-05 08:11:36 INFO  org.testng.internal.Utils - [Utils] MethodGroupsHelper.sortMethods() took 0 ms.
2025-06-05 08:11:36 INFO  org.testng.internal.Utils - [Utils] MethodGroupsHelper.collectMethodsByGroup() took 0 ms.
2025-06-05 08:11:36 INFO  org.testng.internal.Utils - [Utils] MethodGroupsHelper.sortMethods() took 0 ms.
2025-06-05 08:11:36 INFO  org.testng.internal.Utils - [Utils] MethodGroupsHelper.collectMethodsByGroup() took 0 ms.
2025-06-05 08:11:36 INFO  org.testng.internal.Utils - [Utils] MethodGroupsHelper.sortMethods() took 0 ms.
2025-06-05 08:11:36 INFO  org.testng.internal.Utils - [TestNG] Running:
  C:\Users\chk017\AppData\Local\Temp\testng-eclipse--49017068\testng-customsuite.xml

2025-06-05 08:11:37 INFO  org.testng.internal.Utils - [Utils] DynamicGraphHelper.createDynamicGraph() took 3 ms.
2025-06-05 08:11:41 INFO  sauce_Login -  

 <<<<<<<<<<<<<<<<<<<<<<   starting Test  :  sauce_Login  >>>>>>>>>>>>>>>>>>>>>>>
2025-06-05 08:11:42 INFO  sauce_Login - System is retrieving test data...
2025-06-05 08:11:45 INFO  sauce_Login - Waiting for 1 seconds
2025-06-05 08:11:46 INFO  sauce_Login - Waiting for 1 seconds
2025-06-05 08:11:50 INFO  sauce_Login - Waiting for 3 seconds
2025-06-05 10:42:59 DEBUG org.testng.TestNG - suiteXmlPath: "C:\Users\chk017\AppData\Local\Temp\testng-eclipse-678739707\testng-customsuite.xml"
2025-06-05 10:43:23 DEBUG org.testng.TestNG - suiteXmlPath: "C:\Users\chk017\AppData\Local\Temp\testng-eclipse-1985593803\testng-customsuite.xml"
2025-06-05 10:43:23 INFO  org.testng.internal.Utils - [Utils] MethodGroupsHelper.collectMethodsByGroup() took 5 ms.
2025-06-05 10:43:23 INFO  org.testng.internal.Utils - [Utils] MethodGroupsHelper.sortMethods() took 7 ms.
2025-06-05 10:43:23 INFO  org.testng.internal.Utils - [Utils] MethodGroupsHelper.collectMethodsByGroup() took 1 ms.
2025-06-05 10:43:23 INFO  org.testng.internal.Utils - [Utils] MethodGroupsHelper.sortMethods() took 1 ms.
2025-06-05 10:43:23 INFO  org.testng.internal.Utils - [Utils] MethodGroupsHelper.collectMethodsByGroup() took 0 ms.
2025-06-05 10:43:23 INFO  org.testng.internal.Utils - [Utils] MethodGroupsHelper.sortMethods() took 0 ms.
2025-06-05 10:43:23 INFO  org.testng.internal.Utils - [Utils] MethodGroupsHelper.collectMethodsByGroup() took 0 ms.
2025-06-05 10:43:23 INFO  org.testng.internal.Utils - [Utils] MethodGroupsHelper.sortMethods() took 0 ms.
2025-06-05 10:43:23 INFO  org.testng.internal.Utils - [Utils] MethodGroupsHelper.collectMethodsByGroup() took 0 ms.
2025-06-05 10:43:23 INFO  org.testng.internal.Utils - [Utils] MethodGroupsHelper.sortMethods() took 0 ms.
2025-06-05 10:43:23 INFO  org.testng.internal.Utils - [Utils] MethodGroupsHelper.collectMethodsByGroup() took 0 ms.
2025-06-05 10:43:23 INFO  org.testng.internal.Utils - [Utils] MethodGroupsHelper.sortMethods() took 0 ms.
2025-06-05 10:43:23 INFO  org.testng.internal.Utils - [Utils] MethodGroupsHelper.collectMethodsByGroup() took 0 ms.
2025-06-05 10:43:23 INFO  org.testng.internal.Utils - [Utils] MethodGroupsHelper.sortMethods() took 0 ms.
2025-06-05 10:43:23 INFO  org.testng.internal.Utils - [Utils] MethodGroupsHelper.collectMethodsByGroup() took 0 ms.
2025-06-05 10:43:23 INFO  org.testng.internal.Utils - [Utils] MethodGroupsHelper.sortMethods() took 0 ms.
2025-06-05 10:43:23 INFO  org.testng.internal.Utils - [Utils] MethodGroupsHelper.collectMethodsByGroup() took 0 ms.
2025-06-05 10:43:23 INFO  org.testng.internal.Utils - [Utils] MethodGroupsHelper.sortMethods() took 0 ms.
2025-06-05 10:43:23 INFO  org.testng.internal.Utils - [Utils] MethodGroupsHelper.collectMethodsByGroup() took 0 ms.
2025-06-05 10:43:23 INFO  org.testng.internal.Utils - [Utils] MethodGroupsHelper.sortMethods() took 0 ms.
2025-06-05 10:43:23 INFO  org.testng.internal.Utils - [Utils] MethodGroupsHelper.collectMethodsByGroup() took 0 ms.
2025-06-05 10:43:23 INFO  org.testng.internal.Utils - [Utils] MethodGroupsHelper.sortMethods() took 0 ms.
2025-06-05 10:43:23 INFO  org.testng.internal.Utils - [Utils] MethodGroupsHelper.collectMethodsByGroup() took 0 ms.
2025-06-05 10:43:23 INFO  org.testng.internal.Utils - [Utils] MethodGroupsHelper.sortMethods() took 0 ms.
2025-06-05 10:43:23 INFO  org.testng.internal.Utils - [Utils] MethodGroupsHelper.collectMethodsByGroup() took 0 ms.
2025-06-05 10:43:23 INFO  org.testng.internal.Utils - [Utils] MethodGroupsHelper.sortMethods() took 1 ms.
2025-06-05 10:43:23 INFO  org.testng.internal.Utils - [Utils] MethodGroupsHelper.collectMethodsByGroup() took 0 ms.
2025-06-05 10:43:23 INFO  org.testng.internal.Utils - [Utils] MethodGroupsHelper.sortMethods() took 0 ms.
2025-06-05 10:43:23 INFO  org.testng.internal.Utils - [Utils] MethodGroupsHelper.collectMethodsByGroup() took 0 ms.
2025-06-05 10:43:23 INFO  org.testng.internal.Utils - [Utils] MethodGroupsHelper.sortMethods() took 0 ms.
2025-06-05 10:43:23 INFO  org.testng.internal.Utils - [TestNG] Running:
  C:\Users\chk017\AppData\Local\Temp\testng-eclipse-1985593803\testng-customsuite.xml

2025-06-05 10:43:23 INFO  org.testng.internal.Utils - [Utils] DynamicGraphHelper.createDynamicGraph() took 3 ms.
2025-06-05 10:43:27 INFO  sauce_Login -  

 <<<<<<<<<<<<<<<<<<<<<<   starting Test  :  sauce_Login  >>>>>>>>>>>>>>>>>>>>>>>
2025-06-05 10:43:27 INFO  sauce_Login - System is retrieving test data...
2025-06-05 10:43:32 INFO  sauce_Login - Waiting for 1 seconds
2025-06-05 10:43:33 INFO  sauce_Login - Waiting for 1 seconds
2025-06-05 10:43:36 INFO  sauce_Login - Waiting for 3 seconds
2025-06-05 11:28:56 DEBUG org.testng.TestNG - suiteXmlPath: "C:\Users\chk017\AppData\Local\Temp\testng-eclipse--230452069\testng-customsuite.xml"
2025-06-05 11:28:57 INFO  org.testng.internal.Utils - [Utils] MethodGroupsHelper.collectMethodsByGroup() took 6 ms.
2025-06-05 11:28:57 INFO  org.testng.internal.Utils - [Utils] MethodGroupsHelper.sortMethods() took 6 ms.
2025-06-05 11:28:57 INFO  org.testng.internal.Utils - [Utils] MethodGroupsHelper.collectMethodsByGroup() took 0 ms.
2025-06-05 11:28:57 INFO  org.testng.internal.Utils - [Utils] MethodGroupsHelper.sortMethods() took 1 ms.
2025-06-05 11:28:57 INFO  org.testng.internal.Utils - [Utils] MethodGroupsHelper.collectMethodsByGroup() took 0 ms.
2025-06-05 11:28:57 INFO  org.testng.internal.Utils - [Utils] MethodGroupsHelper.sortMethods() took 0 ms.
2025-06-05 11:28:57 INFO  org.testng.internal.Utils - [Utils] MethodGroupsHelper.collectMethodsByGroup() took 0 ms.
2025-06-05 11:28:57 INFO  org.testng.internal.Utils - [Utils] MethodGroupsHelper.sortMethods() took 0 ms.
2025-06-05 11:28:57 INFO  org.testng.internal.Utils - [Utils] MethodGroupsHelper.collectMethodsByGroup() took 0 ms.
2025-06-05 11:28:57 INFO  org.testng.internal.Utils - [Utils] MethodGroupsHelper.sortMethods() took 0 ms.
2025-06-05 11:28:57 INFO  org.testng.internal.Utils - [Utils] MethodGroupsHelper.collectMethodsByGroup() took 0 ms.
2025-06-05 11:28:57 INFO  org.testng.internal.Utils - [Utils] MethodGroupsHelper.sortMethods() took 0 ms.
2025-06-05 11:28:57 INFO  org.testng.internal.Utils - [Utils] MethodGroupsHelper.collectMethodsByGroup() took 0 ms.
2025-06-05 11:28:57 INFO  org.testng.internal.Utils - [Utils] MethodGroupsHelper.sortMethods() took 0 ms.
2025-06-05 11:28:57 INFO  org.testng.internal.Utils - [Utils] MethodGroupsHelper.collectMethodsByGroup() took 0 ms.
2025-06-05 11:28:57 INFO  org.testng.internal.Utils - [Utils] MethodGroupsHelper.sortMethods() took 0 ms.
2025-06-05 11:28:57 INFO  org.testng.internal.Utils - [Utils] MethodGroupsHelper.collectMethodsByGroup() took 0 ms.
2025-06-05 11:28:57 INFO  org.testng.internal.Utils - [Utils] MethodGroupsHelper.sortMethods() took 0 ms.
2025-06-05 11:28:57 INFO  org.testng.internal.Utils - [Utils] MethodGroupsHelper.collectMethodsByGroup() took 0 ms.
2025-06-05 11:28:57 INFO  org.testng.internal.Utils - [Utils] MethodGroupsHelper.sortMethods() took 0 ms.
2025-06-05 11:28:57 INFO  org.testng.internal.Utils - [Utils] MethodGroupsHelper.collectMethodsByGroup() took 0 ms.
2025-06-05 11:28:57 INFO  org.testng.internal.Utils - [Utils] MethodGroupsHelper.sortMethods() took 0 ms.
2025-06-05 11:28:57 INFO  org.testng.internal.Utils - [Utils] MethodGroupsHelper.collectMethodsByGroup() took 0 ms.
2025-06-05 11:28:57 INFO  org.testng.internal.Utils - [Utils] MethodGroupsHelper.sortMethods() took 0 ms.
2025-06-05 11:28:57 INFO  org.testng.internal.Utils - [Utils] MethodGroupsHelper.collectMethodsByGroup() took 0 ms.
2025-06-05 11:28:57 INFO  org.testng.internal.Utils - [Utils] MethodGroupsHelper.sortMethods() took 1 ms.
2025-06-05 11:28:57 INFO  org.testng.internal.Utils - [Utils] MethodGroupsHelper.collectMethodsByGroup() took 0 ms.
2025-06-05 11:28:57 INFO  org.testng.internal.Utils - [Utils] MethodGroupsHelper.sortMethods() took 0 ms.
2025-06-05 11:28:57 INFO  org.testng.internal.Utils - [Utils] MethodGroupsHelper.collectMethodsByGroup() took 0 ms.
2025-06-05 11:28:57 INFO  org.testng.internal.Utils - [Utils] MethodGroupsHelper.sortMethods() took 1 ms.
2025-06-05 11:28:57 INFO  org.testng.internal.Utils - [TestNG] Running:
  C:\Users\chk017\AppData\Local\Temp\testng-eclipse--230452069\testng-customsuite.xml

2025-06-05 11:28:57 INFO  org.testng.internal.Utils - [Utils] DynamicGraphHelper.createDynamicGraph() took 4 ms.
2025-06-05 11:29:00 INFO  sauce_Login -  

 <<<<<<<<<<<<<<<<<<<<<<   starting Test  :  sauce_Login  >>>>>>>>>>>>>>>>>>>>>>>
2025-06-05 11:29:01 INFO  sauce_Login - System is retrieving test data...
2025-06-05 11:29:04 INFO  sauce_Login - Waiting for 1 seconds
2025-06-05 11:29:05 INFO  sauce_Login - Waiting for 1 seconds
2025-06-05 11:29:08 INFO  sauce_Login - Waiting for 3 seconds
2025-06-05 11:29:10 INFO  sauce_Login - Waiting for 1 seconds
2025-06-05 11:29:11 INFO  sauce_Login - Waiting for 1 seconds
2025-06-05 11:29:12 INFO  sauce_Login - Waiting for 1 seconds
2025-06-05 11:29:13 INFO  sauce_Login - Waiting for 1 seconds
2025-06-05 11:29:14 INFO  sauce_Login - Waiting for 1 seconds
2025-06-05 11:29:15 INFO  sauce_Login - Waiting for 1 seconds
2025-06-05 11:29:15 INFO  sauce_Login - 
 
 xxxxxxxxxxxxxxxx   -   End of Test  -  xxxxxxxxxxxxxxxx 
 
2025-06-05 11:29:15 INFO  sauce_Login -  
 
 =============================$$$$$$$$$$$$$$$$$$$$  -  End of Report  -  $$$$$$$$$$$$$$$$$$$$===================================================
2025-06-05 11:29:15 INFO  org.testng.internal.Utils - [TestNG] Time taken by org.testng.reporters.jq.Main@69923ac3: 68 ms
2025-06-05 11:29:15 INFO  org.testng.internal.Utils - [TestNG] Time taken by org.testng.reporters.FailedReporter@24f870ee: 1 ms
2025-06-05 11:29:15 INFO  org.testng.internal.Utils - [TestNG] Time taken by org.testng.reporters.XMLReporter@32177fa5: 9 ms
2025-06-05 11:29:15 INFO  org.testng.internal.Utils - [TestNG] Time taken by org.testng.reporters.EmailableReporter2@22ebccb9: 8 ms
2025-06-05 11:29:15 INFO  org.testng.internal.Utils - [TestNG] Time taken by org.testng.reporters.JUnitReportReporter@2e1ddc90: 7 ms
2025-06-05 11:29:15 INFO  org.testng.internal.Utils - [TestNG] Time taken by org.testng.internal.ExitCodeListener@5b7c8930: 0 ms
2025-06-05 11:36:04 DEBUG org.testng.TestNG - suiteXmlPath: "E:\eclipse-workspace\Playwright\testng.xml"
2025-06-05 11:41:17 DEBUG org.testng.TestNG - suiteXmlPath: "E:\eclipse-workspace\Playwright\testng.xml"
2025-06-05 14:25:13 DEBUG org.testng.TestNG - suiteXmlPath: "C:\Users\chk017\AppData\Local\Temp\testng-eclipse--674087588\testng-customsuite.xml"
2025-06-05 14:25:13 INFO  org.testng.internal.Utils - [Utils] MethodGroupsHelper.collectMethodsByGroup() took 5 ms.
2025-06-05 14:25:13 INFO  org.testng.internal.Utils - [Utils] MethodGroupsHelper.sortMethods() took 7 ms.
2025-06-05 14:25:13 INFO  org.testng.internal.Utils - [Utils] MethodGroupsHelper.collectMethodsByGroup() took 0 ms.
2025-06-05 14:25:13 INFO  org.testng.internal.Utils - [Utils] MethodGroupsHelper.sortMethods() took 0 ms.
2025-06-05 14:25:13 INFO  org.testng.internal.Utils - [Utils] MethodGroupsHelper.collectMethodsByGroup() took 0 ms.
2025-06-05 14:25:13 INFO  org.testng.internal.Utils - [Utils] MethodGroupsHelper.sortMethods() took 0 ms.
2025-06-05 14:25:13 INFO  org.testng.internal.Utils - [Utils] MethodGroupsHelper.collectMethodsByGroup() took 0 ms.
2025-06-05 14:25:13 INFO  org.testng.internal.Utils - [Utils] MethodGroupsHelper.sortMethods() took 0 ms.
2025-06-05 14:25:13 INFO  org.testng.internal.Utils - [Utils] MethodGroupsHelper.collectMethodsByGroup() took 0 ms.
2025-06-05 14:25:13 INFO  org.testng.internal.Utils - [Utils] MethodGroupsHelper.sortMethods() took 1 ms.
2025-06-05 14:25:13 INFO  org.testng.internal.Utils - [Utils] MethodGroupsHelper.collectMethodsByGroup() took 0 ms.
2025-06-05 14:25:13 INFO  org.testng.internal.Utils - [Utils] MethodGroupsHelper.sortMethods() took 0 ms.
2025-06-05 14:25:13 INFO  org.testng.internal.Utils - [Utils] MethodGroupsHelper.collectMethodsByGroup() took 0 ms.
2025-06-05 14:25:13 INFO  org.testng.internal.Utils - [Utils] MethodGroupsHelper.sortMethods() took 0 ms.
2025-06-05 14:25:13 INFO  org.testng.internal.Utils - [Utils] MethodGroupsHelper.collectMethodsByGroup() took 0 ms.
2025-06-05 14:25:13 INFO  org.testng.internal.Utils - [Utils] MethodGroupsHelper.sortMethods() took 0 ms.
2025-06-05 14:25:13 INFO  org.testng.internal.Utils - [Utils] MethodGroupsHelper.collectMethodsByGroup() took 0 ms.
2025-06-05 14:25:13 INFO  org.testng.internal.Utils - [Utils] MethodGroupsHelper.sortMethods() took 0 ms.
2025-06-05 14:25:13 INFO  org.testng.internal.Utils - [Utils] MethodGroupsHelper.collectMethodsByGroup() took 0 ms.
2025-06-05 14:25:13 INFO  org.testng.internal.Utils - [Utils] MethodGroupsHelper.sortMethods() took 0 ms.
2025-06-05 14:25:13 INFO  org.testng.internal.Utils - [Utils] MethodGroupsHelper.collectMethodsByGroup() took 0 ms.
2025-06-05 14:25:13 INFO  org.testng.internal.Utils - [Utils] MethodGroupsHelper.sortMethods() took 0 ms.
2025-06-05 14:25:13 INFO  org.testng.internal.Utils - [Utils] MethodGroupsHelper.collectMethodsByGroup() took 0 ms.
2025-06-05 14:25:13 INFO  org.testng.internal.Utils - [Utils] MethodGroupsHelper.sortMethods() took 0 ms.
2025-06-05 14:25:13 INFO  org.testng.internal.Utils - [Utils] MethodGroupsHelper.collectMethodsByGroup() took 0 ms.
2025-06-05 14:25:13 INFO  org.testng.internal.Utils - [Utils] MethodGroupsHelper.sortMethods() took 0 ms.
2025-06-05 14:25:13 INFO  org.testng.internal.Utils - [Utils] MethodGroupsHelper.collectMethodsByGroup() took 0 ms.
2025-06-05 14:25:13 INFO  org.testng.internal.Utils - [Utils] MethodGroupsHelper.sortMethods() took 0 ms.
2025-06-05 14:25:13 INFO  org.testng.internal.Utils - [Utils] MethodGroupsHelper.collectMethodsByGroup() took 0 ms.
2025-06-05 14:25:13 INFO  org.testng.internal.Utils - [Utils] MethodGroupsHelper.sortMethods() took 0 ms.
2025-06-05 14:25:13 INFO  org.testng.internal.Utils - [TestNG] Running:
  C:\Users\chk017\AppData\Local\Temp\testng-eclipse--674087588\testng-customsuite.xml

2025-06-05 14:25:13 INFO  org.testng.internal.Utils - [Utils] DynamicGraphHelper.createDynamicGraph() took 2 ms.
2025-06-05 14:25:17 INFO  sauce_Login -  

 <<<<<<<<<<<<<<<<<<<<<<   starting Test  :  sauce_Login  >>>>>>>>>>>>>>>>>>>>>>>
2025-06-05 14:25:18 INFO  sauce_Login - System is retrieving test data...
2025-06-05 14:25:20 INFO  sauce_Login - Waiting for 1 seconds
2025-06-05 14:25:22 INFO  sauce_Login - Waiting for 1 seconds
2025-06-05 14:25:25 INFO  sauce_Login - Waiting for 3 seconds
2025-06-05 14:25:26 INFO  sauce_Login - Waiting for 1 seconds
2025-06-05 14:25:27 INFO  sauce_Login - Waiting for 1 seconds
2025-06-05 14:25:28 INFO  sauce_Login - Waiting for 1 seconds
2025-06-05 14:25:29 INFO  sauce_Login - Waiting for 1 seconds
2025-06-05 14:25:30 INFO  sauce_Login - Waiting for 1 seconds
2025-06-05 14:25:31 INFO  sauce_Login - Waiting for 1 seconds
2025-06-05 14:25:31 INFO  sauce_Login - 
 
 xxxxxxxxxxxxxxxx   -   End of Test  -  xxxxxxxxxxxxxxxx 
 
2025-06-05 14:25:31 INFO  sauce_Login -  
 
 =============================$$$$$$$$$$$$$$$$$$$$  -  End of Report  -  $$$$$$$$$$$$$$$$$$$$===================================================
2025-06-05 14:25:32 INFO  org.testng.internal.Utils - [TestNG] Time taken by org.testng.reporters.jq.Main@67774e29: 70 ms
2025-06-05 14:25:32 INFO  org.testng.internal.Utils - [TestNG] Time taken by org.testng.reporters.FailedReporter@49a6f486: 2 ms
2025-06-05 14:25:32 INFO  org.testng.internal.Utils - [TestNG] Time taken by org.testng.reporters.XMLReporter@5eea5627: 10 ms
2025-06-05 14:25:32 INFO  org.testng.internal.Utils - [TestNG] Time taken by org.testng.reporters.EmailableReporter2@49e4c2d5: 8 ms
2025-06-05 14:25:32 INFO  org.testng.internal.Utils - [TestNG] Time taken by org.testng.reporters.JUnitReportReporter@5c7dfc05: 4 ms
2025-06-05 14:25:32 INFO  org.testng.internal.Utils - [TestNG] Time taken by org.testng.internal.ExitCodeListener@345d053b: 0 ms
2025-06-05 21:49:22 DEBUG org.testng.TestNG - suiteXmlPath: "C:\Users\chk017\AppData\Local\Temp\testng-eclipse-1351968141\testng-customsuite.xml"
2025-06-05 21:49:22 INFO  org.testng.internal.Utils - [Utils] MethodGroupsHelper.collectMethodsByGroup() took 5 ms.
2025-06-05 21:49:22 INFO  org.testng.internal.Utils - [Utils] MethodGroupsHelper.sortMethods() took 8 ms.
2025-06-05 21:49:22 INFO  org.testng.internal.Utils - [Utils] MethodGroupsHelper.collectMethodsByGroup() took 0 ms.
2025-06-05 21:49:22 INFO  org.testng.internal.Utils - [Utils] MethodGroupsHelper.sortMethods() took 0 ms.
2025-06-05 21:49:22 INFO  org.testng.internal.Utils - [Utils] MethodGroupsHelper.collectMethodsByGroup() took 0 ms.
2025-06-05 21:49:22 INFO  org.testng.internal.Utils - [Utils] MethodGroupsHelper.sortMethods() took 0 ms.
2025-06-05 21:49:22 INFO  org.testng.internal.Utils - [Utils] MethodGroupsHelper.collectMethodsByGroup() took 0 ms.
2025-06-05 21:49:22 INFO  org.testng.internal.Utils - [Utils] MethodGroupsHelper.sortMethods() took 0 ms.
2025-06-05 21:49:22 INFO  org.testng.internal.Utils - [Utils] MethodGroupsHelper.collectMethodsByGroup() took 0 ms.
2025-06-05 21:49:22 INFO  org.testng.internal.Utils - [Utils] MethodGroupsHelper.sortMethods() took 0 ms.
2025-06-05 21:49:22 INFO  org.testng.internal.Utils - [Utils] MethodGroupsHelper.collectMethodsByGroup() took 0 ms.
2025-06-05 21:49:22 INFO  org.testng.internal.Utils - [Utils] MethodGroupsHelper.sortMethods() took 0 ms.
2025-06-05 21:49:22 INFO  org.testng.internal.Utils - [Utils] MethodGroupsHelper.collectMethodsByGroup() took 0 ms.
2025-06-05 21:49:22 INFO  org.testng.internal.Utils - [Utils] MethodGroupsHelper.sortMethods() took 0 ms.
2025-06-05 21:49:22 INFO  org.testng.internal.Utils - [Utils] MethodGroupsHelper.collectMethodsByGroup() took 0 ms.
2025-06-05 21:49:22 INFO  org.testng.internal.Utils - [Utils] MethodGroupsHelper.sortMethods() took 0 ms.
2025-06-05 21:49:22 INFO  org.testng.internal.Utils - [Utils] MethodGroupsHelper.collectMethodsByGroup() took 0 ms.
2025-06-05 21:49:22 INFO  org.testng.internal.Utils - [Utils] MethodGroupsHelper.sortMethods() took 0 ms.
2025-06-05 21:49:22 INFO  org.testng.internal.Utils - [Utils] MethodGroupsHelper.collectMethodsByGroup() took 0 ms.
2025-06-05 21:49:22 INFO  org.testng.internal.Utils - [Utils] MethodGroupsHelper.sortMethods() took 0 ms.
2025-06-05 21:49:22 INFO  org.testng.internal.Utils - [Utils] MethodGroupsHelper.collectMethodsByGroup() took 0 ms.
2025-06-05 21:49:22 INFO  org.testng.internal.Utils - [Utils] MethodGroupsHelper.sortMethods() took 0 ms.
2025-06-05 21:49:22 INFO  org.testng.internal.Utils - [Utils] MethodGroupsHelper.collectMethodsByGroup() took 0 ms.
2025-06-05 21:49:22 INFO  org.testng.internal.Utils - [Utils] MethodGroupsHelper.sortMethods() took 0 ms.
2025-06-05 21:49:22 INFO  org.testng.internal.Utils - [Utils] MethodGroupsHelper.collectMethodsByGroup() took 0 ms.
2025-06-05 21:49:22 INFO  org.testng.internal.Utils - [Utils] MethodGroupsHelper.sortMethods() took 0 ms.
2025-06-05 21:49:22 INFO  org.testng.internal.Utils - [Utils] MethodGroupsHelper.collectMethodsByGroup() took 0 ms.
2025-06-05 21:49:22 INFO  org.testng.internal.Utils - [Utils] MethodGroupsHelper.sortMethods() took 0 ms.
2025-06-05 21:49:22 INFO  org.testng.internal.Utils - [Utils] MethodGroupsHelper.collectMethodsByGroup() took 0 ms.
2025-06-05 21:49:22 INFO  org.testng.internal.Utils - [Utils] MethodGroupsHelper.sortMethods() took 0 ms.
2025-06-05 21:49:22 INFO  org.testng.internal.Utils - [TestNG] Running:
  C:\Users\chk017\AppData\Local\Temp\testng-eclipse-1351968141\testng-customsuite.xml

2025-06-05 21:49:22 INFO  org.testng.internal.Utils - [Utils] DynamicGraphHelper.createDynamicGraph() took 3 ms.
2025-06-05 21:49:26 INFO  sauce_Login -  

 <<<<<<<<<<<<<<<<<<<<<<   starting Test  :  sauce_Login  >>>>>>>>>>>>>>>>>>>>>>>
2025-06-05 21:49:27 INFO  sauce_Login - System is retrieving test data...
2025-06-05 21:49:30 INFO  sauce_Login - Waiting for 1 seconds
2025-06-05 21:49:31 INFO  sauce_Login - Waiting for 1 seconds
2025-06-05 21:49:34 INFO  sauce_Login - Waiting for 3 seconds
2025-06-05 21:49:35 INFO  sauce_Login - Waiting for 1 seconds
2025-06-05 21:49:36 INFO  sauce_Login - Waiting for 1 seconds
2025-06-05 21:49:37 INFO  sauce_Login - Waiting for 1 seconds
2025-06-05 21:49:38 INFO  sauce_Login - Waiting for 1 seconds
2025-06-05 21:49:40 INFO  sauce_Login - Waiting for 1 seconds
2025-06-05 21:49:41 INFO  sauce_Login - Waiting for 1 seconds
2025-06-05 21:49:41 INFO  sauce_Login - 
 
 xxxxxxxxxxxxxxxx   -   End of Test  -  xxxxxxxxxxxxxxxx 
 
2025-06-05 21:49:41 INFO  sauce_Login -  
 
 =============================$$$$$$$$$$$$$$$$$$$$  -  End of Report  -  $$$$$$$$$$$$$$$$$$$$===================================================
2025-06-05 21:49:41 INFO  org.testng.internal.Utils - [TestNG] Time taken by org.testng.reporters.jq.Main@2c88a3e8: 125 ms
2025-06-05 21:49:41 INFO  org.testng.internal.Utils - [TestNG] Time taken by org.testng.reporters.FailedReporter@68ac9ec5: 1 ms
2025-06-05 21:49:41 INFO  org.testng.internal.Utils - [TestNG] Time taken by org.testng.reporters.XMLReporter@e26af6: 16 ms
2025-06-05 21:49:41 INFO  org.testng.internal.Utils - [TestNG] Time taken by org.testng.reporters.EmailableReporter2@58f437b0: 9 ms
2025-06-05 21:49:41 INFO  org.testng.internal.Utils - [TestNG] Time taken by org.testng.reporters.JUnitReportReporter@608fe01f: 8 ms
2025-06-05 21:49:41 INFO  org.testng.internal.Utils - [TestNG] Time taken by org.testng.internal.ExitCodeListener@2687725a: 0 ms
2025-06-06 14:15:25 DEBUG org.testng.TestNG - suiteXmlPath: "E:\eclipse-workspace\Playwright\testng.xml"
2025-06-06 14:15:29 INFO  sauce_Login -  

 <<<<<<<<<<<<<<<<<<<<<<   starting Test  :  sauce_Login  >>>>>>>>>>>>>>>>>>>>>>>
2025-06-06 14:15:30 INFO  sauce_Login - System is retrieving test data...
2025-06-06 14:15:35 INFO  sauce_Login - Waiting for 1 seconds
2025-06-06 14:15:36 INFO  sauce_Login - Waiting for 1 seconds
2025-06-06 14:15:40 INFO  sauce_Login - Waiting for 3 seconds
2025-06-06 14:15:41 INFO  sauce_Login - Waiting for 1 seconds
2025-06-06 14:15:42 INFO  sauce_Login - Waiting for 1 seconds
2025-06-06 14:15:43 INFO  sauce_Login - Waiting for 1 seconds
2025-06-06 14:15:44 INFO  sauce_Login - Waiting for 1 seconds
2025-06-06 14:15:45 INFO  sauce_Login - Waiting for 1 seconds
2025-06-06 14:15:46 INFO  sauce_Login - Waiting for 1 seconds
2025-06-06 14:15:46 INFO  sauce_Login - 
 
 xxxxxxxxxxxxxxxx   -   End of Test  -  xxxxxxxxxxxxxxxx 
 
2025-06-06 14:15:46 INFO  sauce_Login -  
 
 =============================$$$$$$$$$$$$$$$$$$$$  -  End of Report  -  $$$$$$$$$$$$$$$$$$$$===================================================
